<?xml version="1.0" encoding="UTF-8"?>
<coverage generated="1752231967191" clover="3.2.0">
  <project timestamp="1752231967191" name="All files">
    <metrics statements="53" coveredstatements="44" conditionals="21" coveredconditionals="16" methods="24" coveredmethods="15" elements="98" coveredelements="75" complexity="0" loc="53" ncloc="53" packages="2" files="8" classes="8"/>
    <package name="components">
      <metrics statements="44" coveredstatements="38" conditionals="21" coveredconditionals="16" methods="21" coveredmethods="15"/>
      <file name="Cart.js" path="/Users/sanjanakesharwani/Desktop/Namaste_React/src/components/Cart.js">
        <metrics statements="27" coveredstatements="23" conditionals="15" coveredconditionals="10" methods="12" coveredmethods="7"/>
        <line num="134" count="1" type="stmt"/>
        <line num="135" count="11" type="stmt"/>
        <line num="136" count="7" type="stmt"/>
        <line num="137" count="7" type="stmt"/>
        <line num="138" count="7" type="stmt"/>
        <line num="140" count="7" type="stmt"/>
        <line num="142" count="7" type="stmt"/>
        <line num="143" count="7" type="stmt"/>
        <line num="145" count="7" type="stmt"/>
        <line num="146" count="4" type="cond" truecount="1" falsecount="2"/>
        <line num="147" count="4" type="cond" truecount="1" falsecount="1"/>
        <line num="148" count="4" type="stmt"/>
        <line num="151" count="7" type="stmt"/>
        <line num="152" count="7" type="cond" truecount="2" falsecount="0"/>
        <line num="153" count="7" type="stmt"/>
        <line num="154" count="7" type="stmt"/>
        <line num="156" count="7" type="stmt"/>
        <line num="157" count="1" type="cond" truecount="1" falsecount="1"/>
        <line num="158" count="1" type="stmt"/>
        <line num="160" count="0" type="stmt"/>
        <line num="164" count="7" type="stmt"/>
        <line num="170" count="1" type="stmt"/>
        <line num="182" count="4" type="stmt"/>
        <line num="191" count="0" type="stmt"/>
        <line num="193" count="0" type="stmt"/>
        <line num="204" count="1" type="stmt"/>
        <line num="243" count="0" type="stmt"/>
      </file>
      <file name="Contact.js" path="/Users/sanjanakesharwani/Desktop/Namaste_React/src/components/Contact.js">
        <metrics statements="2" coveredstatements="2" conditionals="0" coveredconditionals="0" methods="1" coveredmethods="1"/>
        <line num="3" count="1" type="stmt"/>
        <line num="4" count="5" type="stmt"/>
      </file>
      <file name="Header.js" path="/Users/sanjanakesharwani/Desktop/Namaste_React/src/components/Header.js">
        <metrics statements="5" coveredstatements="5" conditionals="4" coveredconditionals="4" methods="3" coveredmethods="3"/>
        <line num="64" count="1" type="stmt"/>
        <line num="65" count="6" type="stmt"/>
        <line num="68" count="10" type="stmt"/>
        <line num="70" count="6" type="stmt"/>
        <line num="103" count="2" type="cond" truecount="2" falsecount="0"/>
      </file>
      <file name="RestaurantCard.js" path="/Users/sanjanakesharwani/Desktop/Namaste_React/src/components/RestaurantCard.js">
        <metrics statements="9" coveredstatements="7" conditionals="2" coveredconditionals="2" methods="4" coveredmethods="3"/>
        <line num="4" count="1" type="stmt"/>
        <line num="5" count="3" type="stmt"/>
        <line num="8" count="3" type="stmt"/>
        <line num="10" count="3" type="stmt"/>
        <line num="18" count="0" type="stmt"/>
        <line num="19" count="0" type="stmt"/>
        <line num="33" count="1" type="stmt"/>
        <line num="34" count="1" type="stmt"/>
        <line num="35" count="1" type="stmt"/>
      </file>
      <file name="sum.js" path="/Users/sanjanakesharwani/Desktop/Namaste_React/src/components/sum.js">
        <metrics statements="1" coveredstatements="1" conditionals="0" coveredconditionals="0" methods="1" coveredmethods="1"/>
        <line num="2" count="1" type="stmt"/>
      </file>
    </package>
    <package name="utils">
      <metrics statements="9" coveredstatements="6" conditionals="0" coveredconditionals="0" methods="3" coveredmethods="0"/>
      <file name="appStore.js" path="/Users/sanjanakesharwani/Desktop/Namaste_React/src/utils/appStore.js">
        <metrics statements="1" coveredstatements="1" conditionals="0" coveredconditionals="0" methods="0" coveredmethods="0"/>
        <line num="3" count="1" type="stmt"/>
      </file>
      <file name="cartSlice.js" path="/Users/sanjanakesharwani/Desktop/Namaste_React/src/utils/cartSlice.js">
        <metrics statements="5" coveredstatements="2" conditionals="0" coveredconditionals="0" methods="3" coveredmethods="0"/>
        <line num="4" count="2" type="stmt"/>
        <line num="12" count="0" type="stmt"/>
        <line num="15" count="0" type="stmt"/>
        <line num="18" count="0" type="stmt"/>
        <line num="23" count="2" type="stmt"/>
      </file>
      <file name="constants.js" path="/Users/sanjanakesharwani/Desktop/Namaste_React/src/utils/constants.js">
        <metrics statements="3" coveredstatements="3" conditionals="0" coveredconditionals="0" methods="0" coveredmethods="0"/>
        <line num="2" count="2" type="stmt"/>
        <line num="5" count="2" type="stmt"/>
        <line num="8" count="2" type="stmt"/>
      </file>
    </package>
  </project>
</coverage>
