{"/Users/sanjanakesharwani/Desktop/Namaste_React/src/components/Cart.js": {"path":"/Users/sanjanakesharwani/Desktop/Namaste_React/src/components/Cart.js","statementMap":{"0":{"start":{"line":134,"column":13},"end":{"line":247,"column":1}},"1":{"start":{"line":135,"column":20},"end":{"line":135,"column":60}},"2":{"start":{"line":135,"column":43},"end":{"line":135,"column":59}},"3":{"start":{"line":136,"column":19},"end":{"line":136,"column":32}},"4":{"start":{"line":137,"column":30},"end":{"line":137,"column":42}},"5":{"start":{"line":138,"column":44},"end":{"line":138,"column":59}},"6":{"start":{"line":140,"column":50},"end":{"line":140,"column":65}},"7":{"start":{"line":142,"column":20},"end":{"line":142,"column":53}},"8":{"start":{"line":142,"column":30},"end":{"line":142,"column":53}},"9":{"start":{"line":143,"column":23},"end":{"line":143,"column":59}},"10":{"start":{"line":143,"column":33},"end":{"line":143,"column":59}},"11":{"start":{"line":145,"column":16},"end":{"line":149,"column":7}},"12":{"start":{"line":146,"column":16},"end":{"line":146,"column":78}},"13":{"start":{"line":147,"column":4},"end":{"line":147,"column":42}},"14":{"start":{"line":147,"column":22},"end":{"line":147,"column":42}},"15":{"start":{"line":148,"column":4},"end":{"line":148,"column":23}},"16":{"start":{"line":151,"column":22},"end":{"line":151,"column":24}},"17":{"start":{"line":152,"column":19},"end":{"line":152,"column":42}},"18":{"start":{"line":153,"column":14},"end":{"line":153,"column":26}},"19":{"start":{"line":154,"column":16},"end":{"line":154,"column":52}},"20":{"start":{"line":156,"column":28},"end":{"line":162,"column":3}},"21":{"start":{"line":157,"column":4},"end":{"line":161,"column":5}},"22":{"start":{"line":158,"column":6},"end":{"line":158,"column":29}},"23":{"start":{"line":160,"column":6},"end":{"line":160,"column":35}},"24":{"start":{"line":164,"column":2},"end":{"line":246,"column":4}},"25":{"start":{"line":170,"column":25},"end":{"line":170,"column":50}},"26":{"start":{"line":182,"column":14},"end":{"line":195,"column":20}},"27":{"start":{"line":191,"column":41},"end":{"line":191,"column":59}},"28":{"start":{"line":193,"column":41},"end":{"line":193,"column":56}},"29":{"start":{"line":204,"column":33},"end":{"line":204,"column":58}},"30":{"start":{"line":243,"column":37},"end":{"line":243,"column":63}}},"fnMap":{"0":{"name":"(anonymous_0)","decl":{"start":{"line":134,"column":13},"end":{"line":134,"column":14}},"loc":{"start":{"line":134,"column":19},"end":{"line":247,"column":1}},"line":134},"1":{"name":"(anonymous_1)","decl":{"start":{"line":135,"column":32},"end":{"line":135,"column":33}},"loc":{"start":{"line":135,"column":43},"end":{"line":135,"column":59}},"line":135},"2":{"name":"(anonymous_2)","decl":{"start":{"line":142,"column":20},"end":{"line":142,"column":21}},"loc":{"start":{"line":142,"column":30},"end":{"line":142,"column":53}},"line":142},"3":{"name":"(anonymous_3)","decl":{"start":{"line":143,"column":23},"end":{"line":143,"column":24}},"loc":{"start":{"line":143,"column":33},"end":{"line":143,"column":59}},"line":143},"4":{"name":"(anonymous_4)","decl":{"start":{"line":145,"column":33},"end":{"line":145,"column":34}},"loc":{"start":{"line":145,"column":48},"end":{"line":149,"column":3}},"line":145},"5":{"name":"(anonymous_5)","decl":{"start":{"line":156,"column":28},"end":{"line":156,"column":29}},"loc":{"start":{"line":156,"column":34},"end":{"line":162,"column":3}},"line":156},"6":{"name":"(anonymous_6)","decl":{"start":{"line":170,"column":19},"end":{"line":170,"column":20}},"loc":{"start":{"line":170,"column":25},"end":{"line":170,"column":50}},"line":170},"7":{"name":"(anonymous_7)","decl":{"start":{"line":181,"column":27},"end":{"line":181,"column":28}},"loc":{"start":{"line":182,"column":14},"end":{"line":195,"column":20}},"line":182},"8":{"name":"(anonymous_8)","decl":{"start":{"line":191,"column":35},"end":{"line":191,"column":36}},"loc":{"start":{"line":191,"column":41},"end":{"line":191,"column":59}},"line":191},"9":{"name":"(anonymous_9)","decl":{"start":{"line":193,"column":35},"end":{"line":193,"column":36}},"loc":{"start":{"line":193,"column":41},"end":{"line":193,"column":56}},"line":193},"10":{"name":"(anonymous_10)","decl":{"start":{"line":204,"column":26},"end":{"line":204,"column":27}},"loc":{"start":{"line":204,"column":33},"end":{"line":204,"column":58}},"line":204},"11":{"name":"(anonymous_11)","decl":{"start":{"line":243,"column":31},"end":{"line":243,"column":32}},"loc":{"start":{"line":243,"column":37},"end":{"line":243,"column":63}},"line":243}},"branchMap":{"0":{"loc":{"start":{"line":146,"column":16},"end":{"line":146,"column":78}},"type":"binary-expr","locations":[{"start":{"line":146,"column":16},"end":{"line":146,"column":39}},{"start":{"line":146,"column":43},"end":{"line":146,"column":73}},{"start":{"line":146,"column":77},"end":{"line":146,"column":78}}],"line":146},"1":{"loc":{"start":{"line":147,"column":4},"end":{"line":147,"column":42}},"type":"if","locations":[{"start":{"line":147,"column":4},"end":{"line":147,"column":42}},{"start":{},"end":{}}],"line":147},"2":{"loc":{"start":{"line":152,"column":19},"end":{"line":152,"column":42}},"type":"cond-expr","locations":[{"start":{"line":152,"column":35},"end":{"line":152,"column":37}},{"start":{"line":152,"column":40},"end":{"line":152,"column":42}}],"line":152},"3":{"loc":{"start":{"line":157,"column":4},"end":{"line":161,"column":5}},"type":"if","locations":[{"start":{"line":157,"column":4},"end":{"line":161,"column":5}},{"start":{"line":159,"column":11},"end":{"line":161,"column":5}}],"line":157},"4":{"loc":{"start":{"line":177,"column":9},"end":{"line":238,"column":9}},"type":"cond-expr","locations":[{"start":{"line":178,"column":10},"end":{"line":178,"column":53}},{"start":{"line":180,"column":10},"end":{"line":237,"column":13}}],"line":177},"5":{"loc":{"start":{"line":186,"column":23},"end":{"line":186,"column":74}},"type":"binary-expr","locations":[{"start":{"line":186,"column":23},"end":{"line":186,"column":43}},{"start":{"line":186,"column":47},"end":{"line":186,"column":74}}],"line":186},"6":{"loc":{"start":{"line":242,"column":7},"end":{"line":244,"column":7}},"type":"binary-expr","locations":[{"start":{"line":242,"column":7},"end":{"line":242,"column":23}},{"start":{"line":243,"column":8},"end":{"line":243,"column":67}}],"line":242}},"s":{"0":1,"1":7,"2":11,"3":7,"4":7,"5":7,"6":7,"7":7,"8":0,"9":7,"10":0,"11":7,"12":4,"13":4,"14":4,"15":4,"16":7,"17":7,"18":7,"19":7,"20":7,"21":1,"22":1,"23":0,"24":7,"25":1,"26":4,"27":0,"28":0,"29":1,"30":0},"f":{"0":7,"1":11,"2":0,"3":0,"4":4,"5":1,"6":1,"7":4,"8":0,"9":0,"10":1,"11":0},"b":{"0":[4,0,0],"1":[4,0],"2":[1,6],"3":[1,0],"4":[3,4],"5":[4,0],"6":[7,1]},"_coverageSchema":"1a1c01bbd47fc00a2c39e90264f33305004495a9","hash":"4b2299ec406a96b669b061f0ed9e79cb18cdbbef"}
,"/Users/sanjanakesharwani/Desktop/Namaste_React/src/components/Contact.js": {"path":"/Users/sanjanakesharwani/Desktop/Namaste_React/src/components/Contact.js","statementMap":{"0":{"start":{"line":3,"column":16},"end":{"line":40,"column":1}},"1":{"start":{"line":4,"column":2},"end":{"line":39,"column":4}}},"fnMap":{"0":{"name":"(anonymous_0)","decl":{"start":{"line":3,"column":16},"end":{"line":3,"column":17}},"loc":{"start":{"line":3,"column":22},"end":{"line":40,"column":1}},"line":3}},"branchMap":{},"s":{"0":1,"1":5},"f":{"0":5},"b":{},"_coverageSchema":"1a1c01bbd47fc00a2c39e90264f33305004495a9","hash":"2be00c7cef8bb77ab7762b5d079f6b151650f60a"}
,"/Users/sanjanakesharwani/Desktop/Namaste_React/src/components/Header.js": {"path":"/Users/sanjanakesharwani/Desktop/Namaste_React/src/components/Header.js","statementMap":{"0":{"start":{"line":64,"column":15},"end":{"line":115,"column":1}},"1":{"start":{"line":65,"column":42},"end":{"line":65,"column":59}},"2":{"start":{"line":68,"column":20},"end":{"line":68,"column":60}},"3":{"start":{"line":68,"column":43},"end":{"line":68,"column":59}},"4":{"start":{"line":70,"column":2},"end":{"line":114,"column":4}},"5":{"start":{"line":103,"column":16},"end":{"line":103,"column":79}}},"fnMap":{"0":{"name":"(anonymous_0)","decl":{"start":{"line":64,"column":15},"end":{"line":64,"column":16}},"loc":{"start":{"line":64,"column":21},"end":{"line":115,"column":1}},"line":64},"1":{"name":"(anonymous_1)","decl":{"start":{"line":68,"column":32},"end":{"line":68,"column":33}},"loc":{"start":{"line":68,"column":43},"end":{"line":68,"column":59}},"line":68},"2":{"name":"(anonymous_2)","decl":{"start":{"line":102,"column":23},"end":{"line":102,"column":24}},"loc":{"start":{"line":102,"column":29},"end":{"line":104,"column":15}},"line":102}},"branchMap":{"0":{"loc":{"start":{"line":88,"column":3},"end":{"line":96,"column":3}},"type":"binary-expr","locations":[{"start":{"line":88,"column":3},"end":{"line":88,"column":25}},{"start":{"line":89,"column":4},"end":{"line":95,"column":10}}],"line":88},"1":{"loc":{"start":{"line":103,"column":32},"end":{"line":103,"column":77}},"type":"cond-expr","locations":[{"start":{"line":103,"column":59},"end":{"line":103,"column":67}},{"start":{"line":103,"column":70},"end":{"line":103,"column":77}}],"line":103}},"s":{"0":1,"1":6,"2":6,"3":10,"4":6,"5":2},"f":{"0":6,"1":10,"2":2},"b":{"0":[6,6],"1":[1,1]},"_coverageSchema":"1a1c01bbd47fc00a2c39e90264f33305004495a9","hash":"3cca954dac17b0bb2f93324b15a58561d00f5bf5"}
,"/Users/sanjanakesharwani/Desktop/Namaste_React/src/components/RestaurantCard.js": {"path":"/Users/sanjanakesharwani/Desktop/Namaste_React/src/components/RestaurantCard.js","statementMap":{"0":{"start":{"line":4,"column":23},"end":{"line":30,"column":1}},"1":{"start":{"line":5,"column":22},"end":{"line":5,"column":27}},"2":{"start":{"line":8,"column":76},"end":{"line":8,"column":83}},"3":{"start":{"line":10,"column":2},"end":{"line":29,"column":4}},"4":{"start":{"line":18,"column":10},"end":{"line":18,"column":34}},"5":{"start":{"line":19,"column":10},"end":{"line":19,"column":48}},"6":{"start":{"line":33,"column":26},"end":{"line":40,"column":1}},"7":{"start":{"line":34,"column":2},"end":{"line":39,"column":4}},"8":{"start":{"line":35,"column":4},"end":{"line":38,"column":10}}},"fnMap":{"0":{"name":"(anonymous_0)","decl":{"start":{"line":4,"column":23},"end":{"line":4,"column":24}},"loc":{"start":{"line":4,"column":34},"end":{"line":30,"column":1}},"line":4},"1":{"name":"(anonymous_1)","decl":{"start":{"line":17,"column":17},"end":{"line":17,"column":18}},"loc":{"start":{"line":17,"column":24},"end":{"line":20,"column":9}},"line":17},"2":{"name":"(anonymous_2)","decl":{"start":{"line":33,"column":26},"end":{"line":33,"column":27}},"loc":{"start":{"line":33,"column":46},"end":{"line":40,"column":1}},"line":33},"3":{"name":"(anonymous_3)","decl":{"start":{"line":34,"column":9},"end":{"line":34,"column":10}},"loc":{"start":{"line":35,"column":4},"end":{"line":38,"column":10}},"line":35}},"branchMap":{"0":{"loc":{"start":{"line":23,"column":11},"end":{"line":23,"column":58}},"type":"binary-expr","locations":[{"start":{"line":23,"column":11},"end":{"line":23,"column":31}},{"start":{"line":23,"column":35},"end":{"line":23,"column":58}}],"line":23}},"s":{"0":1,"1":3,"2":3,"3":3,"4":0,"5":0,"6":1,"7":1,"8":1},"f":{"0":3,"1":0,"2":1,"3":1},"b":{"0":[3,1]},"_coverageSchema":"1a1c01bbd47fc00a2c39e90264f33305004495a9","hash":"66e650ed69ed3a9fddb9a094268bd053484daa94"}
,"/Users/sanjanakesharwani/Desktop/Namaste_React/src/components/sum.js": {"path":"/Users/sanjanakesharwani/Desktop/Namaste_React/src/components/sum.js","statementMap":{"0":{"start":{"line":2,"column":2},"end":{"line":2,"column":15}}},"fnMap":{"0":{"name":"sum","decl":{"start":{"line":1,"column":16},"end":{"line":1,"column":19}},"loc":{"start":{"line":1,"column":26},"end":{"line":3,"column":1}},"line":1}},"branchMap":{},"s":{"0":1},"f":{"0":1},"b":{},"_coverageSchema":"1a1c01bbd47fc00a2c39e90264f33305004495a9","hash":"cf25cc87fa157149f54d39ccc1bdd048211080ae"}
,"/Users/sanjanakesharwani/Desktop/Namaste_React/src/utils/appStore.js": {"path":"/Users/sanjanakesharwani/Desktop/Namaste_React/src/utils/appStore.js","statementMap":{"0":{"start":{"line":3,"column":17},"end":{"line":9,"column":1}}},"fnMap":{},"branchMap":{},"s":{"0":1},"f":{},"b":{},"_coverageSchema":"1a1c01bbd47fc00a2c39e90264f33305004495a9","hash":"3098321409b2637a3ab57adc79ba0e3fa173e31b"}
,"/Users/sanjanakesharwani/Desktop/Namaste_React/src/utils/cartSlice.js": {"path":"/Users/sanjanakesharwani/Desktop/Namaste_React/src/utils/cartSlice.js","statementMap":{"0":{"start":{"line":4,"column":18},"end":{"line":21,"column":2}},"1":{"start":{"line":12,"column":12},"end":{"line":12,"column":44}},"2":{"start":{"line":15,"column":12},"end":{"line":15,"column":29}},"3":{"start":{"line":18,"column":12},"end":{"line":18,"column":35}},"4":{"start":{"line":23,"column":50},"end":{"line":23,"column":67}}},"fnMap":{"0":{"name":"(anonymous_0)","decl":{"start":{"line":11,"column":17},"end":{"line":11,"column":18}},"loc":{"start":{"line":11,"column":36},"end":{"line":13,"column":9}},"line":11},"1":{"name":"(anonymous_1)","decl":{"start":{"line":14,"column":20},"end":{"line":14,"column":21}},"loc":{"start":{"line":14,"column":39},"end":{"line":16,"column":9}},"line":14},"2":{"name":"(anonymous_2)","decl":{"start":{"line":17,"column":19},"end":{"line":17,"column":20}},"loc":{"start":{"line":17,"column":30},"end":{"line":19,"column":9}},"line":17}},"branchMap":{},"s":{"0":2,"1":0,"2":0,"3":0,"4":2},"f":{"0":0,"1":0,"2":0},"b":{},"_coverageSchema":"1a1c01bbd47fc00a2c39e90264f33305004495a9","hash":"205d0bcd223cfd59b8d4b24436b6f0b53a7a9802"}
,"/Users/sanjanakesharwani/Desktop/Namaste_React/src/utils/constants.js": {"path":"/Users/sanjanakesharwani/Desktop/Namaste_React/src/utils/constants.js","statementMap":{"0":{"start":{"line":2,"column":0},"end":{"line":2,"column":54}},"1":{"start":{"line":5,"column":0},"end":{"line":5,"column":133}},"2":{"start":{"line":8,"column":22},"end":{"line":8,"column":145}}},"fnMap":{},"branchMap":{},"s":{"0":2,"1":2,"2":2},"f":{},"b":{},"_coverageSchema":"1a1c01bbd47fc00a2c39e90264f33305004495a9","hash":"62a27edfc370b6f4b1f0bb458f3b7aca4b425b0e"}
}
