TN:
SF:src/components/Cart.js
FN:134,(anonymous_0)
FN:135,(anonymous_1)
FN:142,(anonymous_2)
FN:143,(anonymous_3)
FN:145,(anonymous_4)
FN:156,(anonymous_5)
FN:170,(anonymous_6)
FN:181,(anonymous_7)
FN:191,(anonymous_8)
FN:193,(anonymous_9)
FN:204,(anonymous_10)
FN:243,(anonymous_11)
FNF:12
FNH:7
FNDA:7,(anonymous_0)
FNDA:11,(anonymous_1)
FNDA:0,(anonymous_2)
FNDA:0,(anonymous_3)
FNDA:4,(anonymous_4)
FNDA:1,(anonymous_5)
FNDA:1,(anonymous_6)
FNDA:4,(anonymous_7)
FNDA:0,(anonymous_8)
FNDA:0,(anonymous_9)
FNDA:1,(anonymous_10)
FNDA:0,(anonymous_11)
DA:134,1
DA:135,11
DA:136,7
DA:137,7
DA:138,7
DA:140,7
DA:142,7
DA:143,7
DA:145,7
DA:146,4
DA:147,4
DA:148,4
DA:151,7
DA:152,7
DA:153,7
DA:154,7
DA:156,7
DA:157,1
DA:158,1
DA:160,0
DA:164,7
DA:170,1
DA:182,4
DA:191,0
DA:193,0
DA:204,1
DA:243,0
LF:27
LH:23
BRDA:146,0,0,4
BRDA:146,0,1,0
BRDA:146,0,2,0
BRDA:147,1,0,4
BRDA:147,1,1,0
BRDA:152,2,0,1
BRDA:152,2,1,6
BRDA:157,3,0,1
BRDA:157,3,1,0
BRDA:177,4,0,3
BRDA:177,4,1,4
BRDA:186,5,0,4
BRDA:186,5,1,0
BRDA:242,6,0,7
BRDA:242,6,1,1
BRF:15
BRH:10
end_of_record
TN:
SF:src/components/Contact.js
FN:3,(anonymous_0)
FNF:1
FNH:1
FNDA:5,(anonymous_0)
DA:3,1
DA:4,5
LF:2
LH:2
BRF:0
BRH:0
end_of_record
TN:
SF:src/components/Header.js
FN:64,(anonymous_0)
FN:68,(anonymous_1)
FN:102,(anonymous_2)
FNF:3
FNH:3
FNDA:6,(anonymous_0)
FNDA:10,(anonymous_1)
FNDA:2,(anonymous_2)
DA:64,1
DA:65,6
DA:68,10
DA:70,6
DA:103,2
LF:5
LH:5
BRDA:88,0,0,6
BRDA:88,0,1,6
BRDA:103,1,0,1
BRDA:103,1,1,1
BRF:4
BRH:4
end_of_record
TN:
SF:src/components/RestaurantCard.js
FN:4,(anonymous_0)
FN:17,(anonymous_1)
FN:33,(anonymous_2)
FN:34,(anonymous_3)
FNF:4
FNH:3
FNDA:3,(anonymous_0)
FNDA:0,(anonymous_1)
FNDA:1,(anonymous_2)
FNDA:1,(anonymous_3)
DA:4,1
DA:5,3
DA:8,3
DA:10,3
DA:18,0
DA:19,0
DA:33,1
DA:34,1
DA:35,1
LF:9
LH:7
BRDA:23,0,0,3
BRDA:23,0,1,1
BRF:2
BRH:2
end_of_record
TN:
SF:src/components/sum.js
FN:1,sum
FNF:1
FNH:1
FNDA:1,sum
DA:2,1
LF:1
LH:1
BRF:0
BRH:0
end_of_record
TN:
SF:src/utils/appStore.js
FNF:0
FNH:0
DA:3,1
LF:1
LH:1
BRF:0
BRH:0
end_of_record
TN:
SF:src/utils/cartSlice.js
FN:11,(anonymous_0)
FN:14,(anonymous_1)
FN:17,(anonymous_2)
FNF:3
FNH:0
FNDA:0,(anonymous_0)
FNDA:0,(anonymous_1)
FNDA:0,(anonymous_2)
DA:4,2
DA:12,0
DA:15,0
DA:18,0
DA:23,2
LF:5
LH:2
BRF:0
BRH:0
end_of_record
TN:
SF:src/utils/constants.js
FNF:0
FNH:0
DA:2,2
DA:5,2
DA:8,2
LF:3
LH:3
BRF:0
BRH:0
end_of_record
